<?xml version="1.0" encoding="UTF-8"?>
<!-- Generated by org.testng.reporters.JUnitXMLReporter -->
<testsuite ignored="0" hostname="Asuszenbook-14" failures="1" tests="2" name="Cucumber-TestNG Execution" time="28.001" errors="0" timestamp="2025-07-26T12:09:32 IST">
  <testcase classname="io.cucumber.testng.AbstractTestNGCucumberTests" name="runScenario" time="14.94">
    <failure type="java.lang.AssertionError" message="Expected message to start with: &amp;apos;Provide value for all fields&amp;apos;, but got: &amp;apos;Provide value for student name, Provide value for mobile number, Provide value for email id, Provide value for cgpa, Provide value for department name, Provide value for backlog count,&amp;apos; expected [true] but found [false]">
      <![CDATA[java.lang.AssertionError: Expected message to start with: 'Provide value for all fields', but got: 'Provide value for student name, Provide value for mobile number, Provide value for email id, Provide value for cgpa, Provide value for department name, Provide value for backlog count,' expected [true] but found [false]
at stepdefinitions.RegistrationSteps.validate_dynamic_result(RegistrationSteps.java:81)
at ✽.the result should be "Provide value for all fields"(file:///C:/Users/Asus/OneDrive/Desktop/Cogni/sprint2/src/test/resources/features/register_button.feature:6)
... Removed 3 stack frames]]>
    </failure>
  </testcase> <!-- runScenario -->
  <testcase classname="io.cucumber.testng.AbstractTestNGCucumberTests" name="runScenario" time="11.997"/>
</testsuite> <!-- Cucumber-TestNG Execution -->
