<?xml version="1.0" encoding="UTF-8"?>
<testng-results ignored="0" total="2" passed="1" failed="1" skipped="0">
  <reporter-output>
  </reporter-output>
  <suite started-at="2025-07-26T12:09:04 IST" name="Student Name Field Validation Suite" finished-at="2025-07-26T12:09:32 IST" duration-ms="28001">
    <groups>
      <group name="cucumber">
        <method signature="AbstractTestNGCucumberTests.runScenario(io.cucumber.testng.PickleWrapper,io.cucumber.testng.FeatureWrapper)[pri:0, instance:runners.TestRunner@4f18837a]" name="runScenario" class="io.cucumber.testng.AbstractTestNGCucumberTests"/>
      </group> <!-- cucumber -->
    </groups>
    <test started-at="2025-07-26T12:09:04 IST" name="Cucumber-TestNG Execution" finished-at="2025-07-26T12:09:32 IST" duration-ms="28001">
      <class name="runners.TestRunner">
        <test-method is-config="true" signature="setUpClass(org.testng.ITestContext)[pri:0, instance:runners.TestRunner@4f18837a]" started-at="2025-07-26T12:09:04 IST" name="setUpClass" finished-at="2025-07-26T12:09:05 IST" duration-ms="889" status="PASS">
          <params>
            <param index="0">
              <value>
                <![CDATA[org.testng.TestRunner@2d85fb64]]>
              </value>
            </param>
          </params>
          <reporter-output>
          </reporter-output>
        </test-method> <!-- setUpClass -->
        <test-method signature="runScenario(io.cucumber.testng.PickleWrapper,io.cucumber.testng.FeatureWrapper)[pri:0, instance:runners.TestRunner@4f18837a]" started-at="2025-07-26T12:09:05 IST" name="runScenario" description="Runs Cucumber Scenarios" data-provider="scenarios" finished-at="2025-07-26T12:09:20 IST" duration-ms="14940" status="FAIL">
          <params>
            <param index="0">
              <value>
                <![CDATA["Click register without entering any data"]]>
              </value>
            </param>
            <param index="1">
              <value>
                <![CDATA["Registration Button"]]>
              </value>
            </param>
          </params>
          <exception class="java.lang.AssertionError">
            <message>
              <![CDATA[Expected message to start with: 'Provide value for all fields', but got: 'Provide value for student name, Provide value for mobile number, Provide value for email id, Provide value for cgpa, Provide value for department name, Provide value for backlog count,' expected [true] but found [false]]]>
            </message>
            <full-stacktrace>
              <![CDATA[java.lang.AssertionError: Expected message to start with: 'Provide value for all fields', but got: 'Provide value for student name, Provide value for mobile number, Provide value for email id, Provide value for cgpa, Provide value for department name, Provide value for backlog count,' expected [true] but found [false]
at org.testng.Assert.fail(Assert.java:111)
at org.testng.Assert.failNotEquals(Assert.java:1578)
at org.testng.Assert.assertTrue(Assert.java:57)
at stepdefinitions.RegistrationSteps.validate_dynamic_result(RegistrationSteps.java:81)
at ✽.the result should be "Provide value for all fields"(file:///C:/Users/Asus/OneDrive/Desktop/Cogni/sprint2/src/test/resources/features/register_button.feature:6)
]]>
            </full-stacktrace>
          </exception> <!-- java.lang.AssertionError -->
          <reporter-output>
          </reporter-output>
        </test-method> <!-- runScenario -->
        <test-method signature="runScenario(io.cucumber.testng.PickleWrapper,io.cucumber.testng.FeatureWrapper)[pri:0, instance:runners.TestRunner@4f18837a]" started-at="2025-07-26T12:09:20 IST" name="runScenario" description="Runs Cucumber Scenarios" data-provider="scenarios" finished-at="2025-07-26T12:09:32 IST" duration-ms="11997" status="PASS">
          <params>
            <param index="0">
              <value>
                <![CDATA["Click register with valid student name"]]>
              </value>
            </param>
            <param index="1">
              <value>
                <![CDATA["Registration Button"]]>
              </value>
            </param>
          </params>
          <reporter-output>
          </reporter-output>
        </test-method> <!-- runScenario -->
        <test-method is-config="true" signature="tearDownClass()[pri:0, instance:runners.TestRunner@4f18837a]" started-at="2025-07-26T12:09:32 IST" name="tearDownClass" finished-at="2025-07-26T12:09:32 IST" duration-ms="77" status="PASS">
          <reporter-output>
          </reporter-output>
        </test-method> <!-- tearDownClass -->
      </class> <!-- runners.TestRunner -->
    </test> <!-- Cucumber-TestNG Execution -->
  </suite> <!-- Student Name Field Validation Suite -->
</testng-results>
