<?xml version="1.0" encoding="UTF-8"?>
<testsuite xmlns:xsi="http://www.w3.org/2001/XMLSchema-instance" xsi:noNamespaceSchemaLocation="https://maven.apache.org/surefire/maven-surefire-plugin/xsd/surefire-test-report-3.0.xsd" version="3.0" name="runners.TestRunner" time="55.546" tests="7" errors="0" skipped="0" failures="0">
  <properties>
[...]
</properties>
  <testcase name="runScenario[&quot;Validate Student Name field&quot;, &quot;Student Name Field Validation&quot;](1)" classname="runners.TestRunner" time="11.493">
    <system-out><![CDATA[
Scenario Outline: Validate Student Name field                                                # src/test/resources/features/registration.feature:14
User is now on registration page after login.
  Given the user is on the registration page                                                 # stepdefinitions.RegistrationSteps.the_user_is_on_registration_page()
  When the user enters "" into the student name field                                        # stepdefinitions.RegistrationSteps.the_user_enters_into_student_name(java.lang.String)
  And fills all other fields with valid data                                                 # stepdefinitions.RegistrationSteps.fill_other_fields()
  And clicks the register button                                                             # stepdefinitions.RegistrationSteps.clicks_register_button()
Validation failed as expected.
  Then an appropriate error message should be displayed or registration proceeds accordingly # stepdefinitions.RegistrationSteps.validate_result()
]]></system-out>
    <system-err><![CDATA[SLF4J: Failed to load class "org.slf4j.impl.StaticLoggerBinder".
SLF4J: Defaulting to no-operation (NOP) logger implementation
SLF4J: See http://www.slf4j.org/codes.html#StaticLoggerBinder for further details.
Jul 24, 2025 1:19:20 AM org.openqa.selenium.devtools.CdpVersionFinder findNearestMatch
WARNING: Unable to find CDP implementation matching 138
Jul 24, 2025 1:19:20 AM org.openqa.selenium.chromium.ChromiumDriver lambda$new$5
WARNING: Unable to find version of CDP to use for 138.0.7204.158. You may need to include a dependency on a specific version of the CDP using something similar to `org.seleniumhq.selenium:selenium-devtools-v86:4.21.0` where the version ("v86") matches the version of the chromium-based browser you're using and the version number of the artifact is the same as Selenium's.
]]></system-err>
  </testcase>
  <testcase name="runScenario[&quot;Validate Student Name field&quot;, &quot;Student Name Field Validation&quot;](2)" classname="runners.TestRunner" time="6.953">
    <system-out><![CDATA[
Scenario Outline: Validate Student Name field                                                # src/test/resources/features/registration.feature:15
User is now on registration page after login.
  Given the user is on the registration page                                                 # stepdefinitions.RegistrationSteps.the_user_is_on_registration_page()
  When the user enters "A" into the student name field                                       # stepdefinitions.RegistrationSteps.the_user_enters_into_student_name(java.lang.String)
  And fills all other fields with valid data                                                 # stepdefinitions.RegistrationSteps.fill_other_fields()
  And clicks the register button                                                             # stepdefinitions.RegistrationSteps.clicks_register_button()
Validation failed as expected.
  Then an appropriate error message should be displayed or registration proceeds accordingly # stepdefinitions.RegistrationSteps.validate_result()
]]></system-out>
  </testcase>
  <testcase name="runScenario[&quot;Validate Student Name field&quot;, &quot;Student Name Field Validation&quot;](3)" classname="runners.TestRunner" time="7.082">
    <system-out><![CDATA[
Scenario Outline: Validate Student Name field                                                # src/test/resources/features/registration.feature:16
User is now on registration page after login.
  Given the user is on the registration page                                                 # stepdefinitions.RegistrationSteps.the_user_is_on_registration_page()
  When the user enters "Ab" into the student name field                                      # stepdefinitions.RegistrationSteps.the_user_enters_into_student_name(java.lang.String)
  And fills all other fields with valid data                                                 # stepdefinitions.RegistrationSteps.fill_other_fields()
  And clicks the register button                                                             # stepdefinitions.RegistrationSteps.clicks_register_button()
Validation failed as expected.
  Then an appropriate error message should be displayed or registration proceeds accordingly # stepdefinitions.RegistrationSteps.validate_result()
]]></system-out>
  </testcase>
  <testcase name="runScenario[&quot;Validate Student Name field&quot;, &quot;Student Name Field Validation&quot;](4)" classname="runners.TestRunner" time="7.017">
    <system-out><![CDATA[
Scenario Outline: Validate Student Name field                                                # src/test/resources/features/registration.feature:17
User is now on registration page after login.
  Given the user is on the registration page                                                 # stepdefinitions.RegistrationSteps.the_user_is_on_registration_page()
  When the user enters "JohnDoe123" into the student name field                              # stepdefinitions.RegistrationSteps.the_user_enters_into_student_name(java.lang.String)
  And fills all other fields with valid data                                                 # stepdefinitions.RegistrationSteps.fill_other_fields()
  And clicks the register button                                                             # stepdefinitions.RegistrationSteps.clicks_register_button()
Validation failed as expected.
  Then an appropriate error message should be displayed or registration proceeds accordingly # stepdefinitions.RegistrationSteps.validate_result()
]]></system-out>
  </testcase>
  <testcase name="runScenario[&quot;Validate Student Name field&quot;, &quot;Student Name Field Validation&quot;](5)" classname="runners.TestRunner" time="6.933">
    <system-out><![CDATA[
Scenario Outline: Validate Student Name field                                                # src/test/resources/features/registration.feature:18
User is now on registration page after login.
  Given the user is on the registration page                                                 # stepdefinitions.RegistrationSteps.the_user_is_on_registration_page()
  When the user enters "@John!" into the student name field                                  # stepdefinitions.RegistrationSteps.the_user_enters_into_student_name(java.lang.String)
  And fills all other fields with valid data                                                 # stepdefinitions.RegistrationSteps.fill_other_fields()
  And clicks the register button                                                             # stepdefinitions.RegistrationSteps.clicks_register_button()
Validation failed as expected.
  Then an appropriate error message should be displayed or registration proceeds accordingly # stepdefinitions.RegistrationSteps.validate_result()
]]></system-out>
  </testcase>
  <testcase name="runScenario[&quot;Validate Student Name field&quot;, &quot;Student Name Field Validation&quot;](6)" classname="runners.TestRunner" time="6.988">
    <system-out><![CDATA[
Scenario Outline: Validate Student Name field                                                # src/test/resources/features/registration.feature:19
User is now on registration page after login.
  Given the user is on the registration page                                                 # stepdefinitions.RegistrationSteps.the_user_is_on_registration_page()
  When the user enters "Johnathan Edward Christopher Maxwell" into the student name field    # stepdefinitions.RegistrationSteps.the_user_enters_into_student_name(java.lang.String)
  And fills all other fields with valid data                                                 # stepdefinitions.RegistrationSteps.fill_other_fields()
  And clicks the register button                                                             # stepdefinitions.RegistrationSteps.clicks_register_button()
Validation failed as expected.
  Then an appropriate error message should be displayed or registration proceeds accordingly # stepdefinitions.RegistrationSteps.validate_result()
]]></system-out>
  </testcase>
  <testcase name="runScenario[&quot;Validate Student Name field&quot;, &quot;Student Name Field Validation&quot;](7)" classname="runners.TestRunner" time="6.933">
    <system-out><![CDATA[
Scenario Outline: Validate Student Name field                                                # src/test/resources/features/registration.feature:20
User is now on registration page after login.
  Given the user is on the registration page                                                 # stepdefinitions.RegistrationSteps.the_user_is_on_registration_page()
  When the user enters "John Smith" into the student name field                              # stepdefinitions.RegistrationSteps.the_user_enters_into_student_name(java.lang.String)
  And fills all other fields with valid data                                                 # stepdefinitions.RegistrationSteps.fill_other_fields()
  And clicks the register button                                                             # stepdefinitions.RegistrationSteps.clicks_register_button()
Validation failed as expected.
  Then an appropriate error message should be displayed or registration proceeds accordingly # stepdefinitions.RegistrationSteps.validate_result()
]]></system-out>
  </testcase>
</testsuite>